#
# There is insufficient memory for the Java Runtime Environment to continue.
# Native memory allocation (malloc) failed to allocate 32784 bytes for Chunk::new
# Possible reasons:
#   The system is out of physical RAM or swap space
#   In 32 bit mode, the process size limit was hit
# Possible solutions:
#   Reduce memory load on the system
#   Increase physical memory or swap space
#   Check if swap backing store is full
#   Use 64 bit Java on a 64 bit OS
#   Decrease Java heap size (-Xmx/-Xms)
#   Decrease number of Java threads
#   Decrease Java thread stack sizes (-Xss)
#   Set larger code cache with -XX:ReservedCodeCacheSize=
# This output file may be truncated or incomplete.
#
#  Out of Memory Error (allocation.cpp:390), pid=6000, tid=6320
#
# JRE version: Java(TM) SE Runtime Environment (8.0_45-b15) (build 1.8.0_45-b15)
# Java VM: Java HotSpot(TM) 64-Bit Server VM (25.45-b02 mixed mode windows-amd64 compressed oops)
# Failed to write core dump. Minidumps are not enabled by default on client versions of Windows
#

---------------  T H R E A D  ---------------

Current thread (0x0000000016a3d800):  JavaThread "C2 CompilerThread1" daemon [_thread_in_native, id=6320, stack(0x0000000017110000,0x0000000017210000)]

Stack: [0x0000000017110000,0x0000000017210000]
Native frames: (J=compiled Java code, j=interpreted, Vv=VM code, C=native code)
V  [jvm.dll+0x32b57a]
V  [jvm.dll+0x279873]
V  [jvm.dll+0x27a509]
V  [jvm.dll+0x271825]
V  [jvm.dll+0xcb9e2]
V  [jvm.dll+0xcbeac]
V  [jvm.dll+0xcc204]
V  [jvm.dll+0x4ea280]
V  [jvm.dll+0x4b925f]
V  [jvm.dll+0x46bf81]
V  [jvm.dll+0x46ccbe]
V  [jvm.dll+0x4500f2]
V  [jvm.dll+0xa4352]
V  [jvm.dll+0xa4c8f]
V  [jvm.dll+0x241984]
V  [jvm.dll+0x29853a]
C  [msvcr100.dll+0x21d9f]
C  [msvcr100.dll+0x21e3b]
C  [KERNEL32.DLL+0x13d2]
C  [ntdll.dll+0x15444]


Current CompileTask:
C2:   1222 1472       4       com.android.dx.merge.DexMerger$1::write (51 bytes)


---------------  P R O C E S S  ---------------

Java Threads: ( => current thread )
  0x0000000016adf000 JavaThread "Service Thread" daemon [_thread_blocked, id=6148, stack(0x0000000017410000,0x0000000017510000)]
  0x0000000016a46800 JavaThread "C1 CompilerThread3" daemon [_thread_blocked, id=1268, stack(0x0000000017310000,0x0000000017410000)]
  0x0000000016a3f800 JavaThread "C2 CompilerThread2" daemon [_thread_blocked, id=6020, stack(0x0000000017210000,0x0000000017310000)]
=>0x0000000016a3d800 JavaThread "C2 CompilerThread1" daemon [_thread_in_native, id=6320, stack(0x0000000017110000,0x0000000017210000)]
  0x0000000016a3a800 JavaThread "C2 CompilerThread0" daemon [_thread_blocked, id=1256, stack(0x0000000017010000,0x0000000017110000)]
  0x0000000016a37800 JavaThread "Attach Listener" daemon [_thread_blocked, id=4560, stack(0x0000000016f10000,0x0000000017010000)]
  0x0000000016a37000 JavaThread "Signal Dispatcher" daemon [_thread_blocked, id=7048, stack(0x0000000016e10000,0x0000000016f10000)]
  0x0000000001f1a800 JavaThread "Finalizer" daemon [_thread_blocked, id=4276, stack(0x0000000016910000,0x0000000016a10000)]
  0x0000000014a3d800 JavaThread "Reference Handler" daemon [_thread_blocked, id=420, stack(0x0000000016810000,0x0000000016910000)]
  0x0000000001e20800 JavaThread "main" [_thread_blocked, id=5904, stack(0x0000000001c70000,0x0000000001d70000)]

Other Threads:
  0x0000000014a39000 VMThread [stack: 0x0000000016710000,0x0000000016810000] [id=516]
  0x0000000016ae1000 WatcherThread [stack: 0x0000000017510000,0x0000000017610000] [id=2668]

VM state:at safepoint (normal execution)

VM Mutex/Monitor currently owned by a thread:  ([mutex/lock_event])
[0x0000000001e1c890] Threads_lock - owner thread: 0x0000000014a39000
[0x0000000001e1cd10] Heap_lock - owner thread: 0x0000000001e20800

Heap:
 PSYoungGen      total 38400K, used 32563K [0x00000000eab00000, 0x00000000ed580000, 0x0000000100000000)
  eden space 33280K, 97% used [0x00000000eab00000,0x00000000ecacce80,0x00000000ecb80000)
  from space 5120K, 0% used [0x00000000ed080000,0x00000000ed080000,0x00000000ed580000)
  to   space 5120K, 99% used [0x00000000ecb80000,0x00000000ed07a690,0x00000000ed080000)
 ParOldGen       total 87552K, used 4115K [0x00000000c0000000, 0x00000000c5580000, 0x00000000eab00000)
  object space 87552K, 4% used [0x00000000c0000000,0x00000000c0404d38,0x00000000c5580000)
 Metaspace       used 7125K, capacity 7618K, committed 7680K, reserved 1056768K
  class space    used 745K, capacity 754K, committed 768K, reserved 1048576K

Card table byte_map: [0x00000000112e0000,0x00000000114f0000] byte_map_base: 0x0000000010ce0000

Marking Bits: (ParMarkBitMap*) 0x0000000058c74040
 Begin Bits: [0x0000000011e50000, 0x0000000012e50000)
 End Bits:   [0x0000000012e50000, 0x0000000013e50000)

Polling page: 0x0000000001d70000

CodeCache: size=245760Kb used=5074Kb max_used=5084Kb free=240685Kb
 bounds [0x0000000001f20000, 0x0000000002420000, 0x0000000010f20000]
 total_blobs=1877 nmethods=1588 adapters=202
 compilation: enabled

Compilation events (10 events):
Event: 1.184 Thread 0x0000000016a46800 nmethod 1501 0x00000000023defd0 code [0x00000000023df180, 0x00000000023df8e8]
Event: 1.184 Thread 0x0000000016a46800 1502       3       com.android.dex.ProtoId::writeTo (25 bytes)
Event: 1.184 Thread 0x0000000016a46800 nmethod 1502 0x00000000023dfc50 code [0x00000000023dfe00, 0x00000000023e0468]
Event: 1.184 Thread 0x0000000016a46800 1503       3       com.android.dex.ProtoId::compareTo (35 bytes)
Event: 1.184 Thread 0x0000000016a46800 nmethod 1503 0x00000000023e0690 code [0x00000000023e0800, 0x00000000023e0bd0]
Event: 1.184 Thread 0x0000000016a46800 1481       3       com.android.dx.merge.DexMerger$3::read (8 bytes)
Event: 1.185 Thread 0x0000000016a46800 nmethod 1481 0x00000000023e0cd0 code [0x00000000023e0ea0, 0x00000000023e17f8]
Event: 1.185 Thread 0x0000000016a46800 1509       3       com.android.dex.EncodedValueCodec::writeUnsignedIntegralValue (66 bytes)
Event: 1.185 Thread 0x0000000016a46800 nmethod 1509 0x00000000023e1d10 code [0x00000000023e1ea0, 0x00000000023e22e8]
Event: 1.185 Thread 0x0000000016a46800 1490       3       com.android.dx.merge.DexMerger$3::write (9 bytes)

GC Heap History (0 events):
No events

Deoptimization events (10 events):
Event: 1.067 Thread 0x0000000001e20800 Uncommon trap: reason=class_check action=maybe_recompile pc=0x00000000022e78dc method=com.android.dex.Leb128.writeUnsignedLeb128(Lcom/android/dex/util/ByteOutput;I)V @ 40
Event: 1.067 Thread 0x0000000001e20800 Uncommon trap: reason=class_check action=maybe_recompile pc=0x00000000022e78dc method=com.android.dex.Leb128.writeUnsignedLeb128(Lcom/android/dex/util/ByteOutput;I)V @ 40
Event: 1.067 Thread 0x0000000001e20800 Uncommon trap: reason=class_check action=maybe_recompile pc=0x00000000022e78dc method=com.android.dex.Leb128.writeUnsignedLeb128(Lcom/android/dex/util/ByteOutput;I)V @ 40
Event: 1.089 Thread 0x0000000001e20800 Uncommon trap: reason=unstable_if action=reinterpret pc=0x00000000022f661c method=java.util.HashMap.putVal(ILjava/lang/Object;Ljava/lang/Object;ZZ)Ljava/lang/Object; @ 162
Event: 1.094 Thread 0x0000000001e20800 Uncommon trap: reason=predicate action=maybe_recompile pc=0x000000000232d850 method=com.android.dex.Leb128.writeUnsignedLeb128(Lcom/android/dex/util/ByteOutput;I)V @ 9
Event: 1.130 Thread 0x0000000001e20800 Uncommon trap: reason=unstable_if action=reinterpret pc=0x000000000231d734 method=sun.misc.URLClassPath.getLoader(I)Lsun/misc/URLClassPath$Loader; @ 36
Event: 1.130 Thread 0x0000000001e20800 Uncommon trap: reason=unstable_if action=reinterpret pc=0x0000000002316a58 method=sun.misc.URLClassPath.getLoader(I)Lsun/misc/URLClassPath$Loader; @ 36
Event: 1.131 Thread 0x0000000001e20800 Uncommon trap: reason=unstable_if action=reinterpret pc=0x0000000002357548 method=sun.misc.MetaIndex.mayContain(Ljava/lang/String;)Z @ 13
Event: 1.131 Thread 0x0000000001e20800 Uncommon trap: reason=unstable_if action=reinterpret pc=0x00000000020a90c4 method=sun.misc.MetaIndex.mayContain(Ljava/lang/String;)Z @ 13
Event: 1.149 Thread 0x0000000001e20800 Uncommon trap: reason=predicate action=maybe_recompile pc=0x0000000002367364 method=com.android.dex.Leb128.readUnsignedLeb128(Lcom/android/dex/util/ByteInput;)I @ 41

Internal exceptions (6 events):
Event: 0.029 Thread 0x0000000001e20800 Exception <a 'java/lang/NoSuchMethodError': Method sun.misc.Unsafe.defineClass(Ljava/lang/String;[BII)Ljava/lang/Class; name or signature does not match> (0x00000000eab12ee0) thrown at [C:\re\workspace\8-2-build-windows-amd64-cygwin\jdk8u45\3627\hotspot\sr´¶ì2§Âù?
Event: 0.029 Thread 0x0000000001e20800 Exception <a 'java/lang/NoSuchMethodError': Method sun.misc.Unsafe.prefetchRead(Ljava/lang/Object;J)V name or signature does not match> (0x00000000eab13170) thrown at [C:\re\workspace\8-2-build-windows-amd64-cygwin\jdk8u45\3627\hotspot\src\share\vm\prims\jÄøÌ Ú?
Event: 1.131 Thread 0x0000000001e20800 Exception <a 'java/security/PrivilegedActionException'> (0x00000000ec298d18) thrown at [C:\re\workspace\8-2-build-windows-amd64-cygwin\jdk8u45\3627\hotspot\src\share\vm\prims\jvm.cpp, line 1382]
Event: 1.131 Thread 0x0000000001e20800 Exception <a 'java/security/PrivilegedActionException'> (0x00000000ec299060) thrown at [C:\re\workspace\8-2-build-windows-amd64-cygwin\jdk8u45\3627\hotspot\src\share\vm\prims\jvm.cpp, line 1382]
Event: 1.132 Thread 0x0000000001e20800 Exception <a 'java/security/PrivilegedActionException'> (0x00000000ec29d138) thrown at [C:\re\workspace\8-2-build-windows-amd64-cygwin\jdk8u45\3627\hotspot\src\share\vm\prims\jvm.cpp, line 1382]
Event: 1.132 Thread 0x0000000001e20800 Exception <a 'java/security/PrivilegedActionException'> (0x00000000ec29d480) thrown at [C:\re\workspace\8-2-build-windows-amd64-cygwin\jdk8u45\3627\hotspot\src\share\vm\prims\jvm.cpp, line 1382]

Events (10 events):
Event: 1.170 Thread 0x0000000001e20800 DEOPT PACKING pc=0x00000000022ec1b3 sp=0x0000000001d6eb10
Event: 1.170 Thread 0x0000000001e20800 DEOPT UNPACKING pc=0x0000000001f6787f sp=0x0000000001d6e828 mode 0
Event: 1.170 Thread 0x0000000001e20800 DEOPT PACKING pc=0x00000000022ec207 sp=0x0000000001d6eb10
Event: 1.170 Thread 0x0000000001e20800 DEOPT UNPACKING pc=0x0000000001f6787f sp=0x0000000001d6e828 mode 0
Event: 1.170 Thread 0x0000000001e20800 DEOPT PACKING pc=0x00000000022ec1b3 sp=0x0000000001d6eb10
Event: 1.170 Thread 0x0000000001e20800 DEOPT UNPACKING pc=0x0000000001f6787f sp=0x0000000001d6e828 mode 0
Event: 1.171 Thread 0x0000000001e20800 DEOPT PACKING pc=0x00000000022ec207 sp=0x0000000001d6eb10
Event: 1.171 Thread 0x0000000001e20800 DEOPT UNPACKING pc=0x0000000001f6787f sp=0x0000000001d6e828 mode 0
Event: 1.171 Thread 0x0000000001e20800 DEOPT PACKING pc=0x00000000022ec1b3 sp=0x0000000001d6eb10
Event: 1.171 Thread 0x0000000001e20800 DEOPT UNPACKING pc=0x0000000001f6787f sp=0x0000000001d6e828 mode 0


Dynamic libraries:
0x00007ff72f4d0000 - 0x00007ff72f507000 	C:\Program Files\Java\jdk1.8.0_45\bin\java.exe
0x00007ffe2efb0000 - 0x00007ffe2f15c000 	C:\WINDOWS\SYSTEM32\ntdll.dll
0x00007ffe2ebc0000 - 0x00007ffe2ecfe000 	C:\WINDOWS\system32\KERNEL32.DLL
0x00007ffe2c1d0000 - 0x00007ffe2c2e5000 	C:\WINDOWS\system32\KERNELBASE.dll
0x00007ffe2abc0000 - 0x00007ffe2ac4e000 	C:\WINDOWS\system32\apphelp.dll
0x00007ffe281d0000 - 0x00007ffe28223000 	C:\WINDOWS\AppPatch\AppPatch64\AcGenral.DLL
0x00007ffe2c840000 - 0x00007ffe2c8ea000 	C:\WINDOWS\system32\msvcrt.dll
0x00007ffe2bfa0000 - 0x00007ffe2bfce000 	C:\WINDOWS\SYSTEM32\SspiCli.dll
0x00007ffe2e750000 - 0x00007ffe2e7a4000 	C:\WINDOWS\system32\SHLWAPI.dll
0x00007ffe2ca40000 - 0x00007ffe2cbb7000 	C:\WINDOWS\system32\USER32.dll
0x00007ffe2c640000 - 0x00007ffe2c7d4000 	C:\WINDOWS\system32\ole32.dll
0x00007ffe2cbc0000 - 0x00007ffe2e0d8000 	C:\WINDOWS\system32\SHELL32.dll
0x00007ffe2b720000 - 0x00007ffe2b741000 	C:\WINDOWS\SYSTEM32\USERENV.dll
0x00007ffe2eb10000 - 0x00007ffe2ebba000 	C:\WINDOWS\system32\ADVAPI32.dll
0x00007ffe1ec80000 - 0x00007ffe1ec9e000 	C:\WINDOWS\SYSTEM32\MPR.dll
0x00007ffe2c8f0000 - 0x00007ffe2ca31000 	C:\WINDOWS\system32\RPCRT4.dll
0x00007ffe2e810000 - 0x00007ffe2e869000 	C:\WINDOWS\SYSTEM32\sechost.dll
0x00007ffe2e3d0000 - 0x00007ffe2e5e1000 	C:\WINDOWS\SYSTEM32\combase.dll
0x00007ffe2e210000 - 0x00007ffe2e361000 	C:\WINDOWS\system32\GDI32.dll
0x00007ffe2c100000 - 0x00007ffe2c115000 	C:\WINDOWS\SYSTEM32\profapi.dll
0x00007ffe2ac50000 - 0x00007ffe2ad02000 	C:\WINDOWS\SYSTEM32\SHCORE.dll
0x00007ffe2e370000 - 0x00007ffe2e3a6000 	C:\WINDOWS\system32\IMM32.DLL
0x00007ffe2e5f0000 - 0x00007ffe2e742000 	C:\WINDOWS\system32\MSCTF.dll
0x00007ffe29de0000 - 0x00007ffe2a05b000 	C:\WINDOWS\WinSxS\amd64_microsoft.windows.common-controls_6595b64144ccf1df_6.0.9600.17784_none_624760d1ecb7236e\COMCTL32.dll
0x0000000058ec0000 - 0x0000000058f92000 	C:\Program Files\Java\jdk1.8.0_45\jre\bin\msvcr100.dll
0x0000000058470000 - 0x0000000058cf3000 	C:\Program Files\Java\jdk1.8.0_45\jre\bin\server\jvm.dll
0x00007ffe1ec70000 - 0x00007ffe1ec79000 	C:\WINDOWS\SYSTEM32\WSOCK32.dll
0x00007ffe2a210000 - 0x00007ffe2a232000 	C:\WINDOWS\SYSTEM32\WINMM.dll
0x00007ffe2a240000 - 0x00007ffe2a24a000 	C:\WINDOWS\SYSTEM32\VERSION.dll
0x00007ffe2e870000 - 0x00007ffe2e877000 	C:\WINDOWS\system32\PSAPI.DLL
0x00007ffe2e7b0000 - 0x00007ffe2e80a000 	C:\WINDOWS\system32\WS2_32.dll
0x00007ffe29b80000 - 0x00007ffe29baa000 	C:\WINDOWS\SYSTEM32\WINMMBASE.dll
0x00007ffe2c630000 - 0x00007ffe2c639000 	C:\WINDOWS\system32\NSI.dll
0x00007ffe2c3a0000 - 0x00007ffe2c3ef000 	C:\WINDOWS\SYSTEM32\cfgmgr32.dll
0x00007ffe2aef0000 - 0x00007ffe2af18000 	C:\WINDOWS\SYSTEM32\DEVOBJ.dll
0x0000000058460000 - 0x000000005846f000 	C:\Program Files\Java\jdk1.8.0_45\jre\bin\verify.dll
0x0000000058430000 - 0x0000000058459000 	C:\Program Files\Java\jdk1.8.0_45\jre\bin\java.dll
0x0000000058410000 - 0x0000000058426000 	C:\Program Files\Java\jdk1.8.0_45\jre\bin\zip.dll
0x00007ffe21280000 - 0x00007ffe21409000 	C:\WINDOWS\SYSTEM32\dbghelp.dll

VM Arguments:
jvm_args: -Xmx1024M -Dfile.encoding=windows-1251 -Duser.country=RU -Duser.language=ru -Duser.variant 
java_command: com.android.dx.command.Main --dex --output E:\Android\Projects\AudioProgect\app\build\intermediates\dex\debug E:\Android\Projects\AudioProgect\app\build\intermediates\classes\debug E:\Android\Projects\AudioProgect\app\build\intermediates\pre-dexed\debug\support-annotations-22.1.1-60b3b8aa0e383bc95571af36d1a0ce95e50f3775.jar E:\Android\Projects\AudioProgect\app\build\intermediates\pre-dexed\debug\classes-e36e4bf81c45a2d6946adb6f125522abff69ec34.jar E:\Android\Projects\AudioProgect\app\build\intermediates\pre-dexed\debug\internal_impl-22.1.1-52b7fd1713d041ea215785c4da81dff070377e63.jar E:\Android\Projects\AudioProgect\app\build\intermediates\pre-dexed\debug\classes-acca884c575c83c3d905877fba2b9462edbea57b.jar E:\Android\Projects\AudioProgect\app\build\intermediates\pre-dexed\debug\classes-d3493700d8ab742f0baf5fe88eb4f6c3ce74344e.jar
java_class_path (initial): E:\Android\sdk\build-tools\22.0.1\lib\dx.jar
Launcher Type: SUN_STANDARD

Environment Variables:
PATH=C:\ProgramData\Oracle\Java\javapath;C:\Windows\system32;C:\Windows;C:\Windows\System32\Wbem;C:\Windows\System32\WindowsPowerShell\v1.0\;C:\WINDOWS\system32;C:\WINDOWS;C:\WINDOWS\System32\Wbem;C:\WINDOWS\System32\WindowsPowerShell\v1.0\;C:\Program Files (x86)\Skype\Phone\;C:\Program Files (x86)\Windows Kits\8.1\Windows Performance Toolkit\;C:\Program Files\Microsoft SQL Server\110\Tools\Binn\;C:\Program Files (x86)\NVIDIA Corporation\PhysX\Common
USERNAME=œÓÚ∏ÏÍËÌ
OS=Windows_NT
PROCESSOR_IDENTIFIER=Intel64 Family 6 Model 58 Stepping 9, GenuineIntel



---------------  S Y S T E M  ---------------

OS: Windows 8.1 , 64 bit Build 9600 (6.3.9600.17415)

CPU:total 8 (4 cores per cpu, 2 threads per core) family 6 model 58 stepping 9, cmov, cx8, fxsr, mmx, sse, sse2, sse3, ssse3, sse4.1, sse4.2, popcnt, avx, aes, clmul, erms, ht, tsc, tscinvbit, tscinv

Memory: 4k page, physical 8337772k(2116220k free), swap 8337772k(5960k free)

vm_info: Java HotSpot(TM) 64-Bit Server VM (25.45-b02) for windows-amd64 JRE (1.8.0_45-b15), built on Apr 30 2015 12:40:44 by "java_re" with MS VC++ 10.0 (VS2010)

time: Thu Jun 04 22:09:56 2015
elapsed time: 1 seconds (0d 0h 0m 1s)

