#
# There is insufficient memory for the Java Runtime Environment to continue.
# Native memory allocation (malloc) failed to allocate 1010816 bytes for Chunk::new
# Possible reasons:
#   The system is out of physical RAM or swap space
#   In 32 bit mode, the process size limit was hit
# Possible solutions:
#   Reduce memory load on the system
#   Increase physical memory or swap space
#   Check if swap backing store is full
#   Use 64 bit Java on a 64 bit OS
#   Decrease Java heap size (-Xmx/-Xms)
#   Decrease number of Java threads
#   Decrease Java thread stack sizes (-Xss)
#   Set larger code cache with -XX:ReservedCodeCacheSize=
# This output file may be truncated or incomplete.
#
#  Out of Memory Error (allocation.cpp:390), pid=6444, tid=3856
#
# JRE version: Java(TM) SE Runtime Environment (8.0_45-b15) (build 1.8.0_45-b15)
# Java VM: Java HotSpot(TM) 64-Bit Server VM (25.45-b02 mixed mode windows-amd64 compressed oops)
# Failed to write core dump. Minidumps are not enabled by default on client versions of Windows
#

---------------  T H R E A D  ---------------

Current thread (0x0000000016e19800):  JavaThread "C2 CompilerThread0" daemon [_thread_in_native, id=3856, stack(0x00000000173f0000,0x00000000174f0000)]

Stack: [0x00000000173f0000,0x00000000174f0000]
Native frames: (J=compiled Java code, j=interpreted, Vv=VM code, C=native code)
V  [jvm.dll+0x32b57a]


Current CompileTask:
C2:   1268 1638       4       com.android.dex.EncodedValueReader::skipValue (348 bytes)


---------------  P R O C E S S  ---------------

Java Threads: ( => current thread )
  0x0000000016eba000 JavaThread "Service Thread" daemon [_thread_blocked, id=2348, stack(0x00000000177f0000,0x00000000178f0000)]
  0x0000000016e25800 JavaThread "C1 CompilerThread3" daemon [_thread_in_native, id=2012, stack(0x00000000176f0000,0x00000000177f0000)]
  0x0000000016e22800 JavaThread "C2 CompilerThread2" daemon [_thread_in_native, id=6932, stack(0x00000000175f0000,0x00000000176f0000)]
  0x0000000016e20800 JavaThread "C2 CompilerThread1" daemon [_thread_in_native, id=6692, stack(0x00000000174f0000,0x00000000175f0000)]
=>0x0000000016e19800 JavaThread "C2 CompilerThread0" daemon [_thread_in_native, id=3856, stack(0x00000000173f0000,0x00000000174f0000)]
  0x0000000016e17000 JavaThread "Attach Listener" daemon [_thread_blocked, id=5384, stack(0x00000000172f0000,0x00000000173f0000)]
  0x0000000016e16800 JavaThread "Signal Dispatcher" daemon [_thread_blocked, id=4388, stack(0x00000000171f0000,0x00000000172f0000)]
  0x000000000223a000 JavaThread "Finalizer" daemon [_thread_blocked, id=1372, stack(0x0000000016cf0000,0x0000000016df0000)]
  0x0000000002233000 JavaThread "Reference Handler" daemon [_thread_blocked, id=7096, stack(0x0000000016bf0000,0x0000000016cf0000)]
  0x0000000002140800 JavaThread "main" [_thread_in_Java, id=6048, stack(0x0000000001fd0000,0x00000000020d0000)]

Other Threads:
  0x0000000014df9800 VMThread [stack: 0x0000000016af0000,0x0000000016bf0000] [id=3772]
  0x0000000016ebc000 WatcherThread [stack: 0x00000000178f0000,0x00000000179f0000] [id=1276]

VM state:not at safepoint (normal execution)

VM Mutex/Monitor currently owned by a thread: None

Heap:
 PSYoungGen      total 38400K, used 28382K [0x00000000eab00000, 0x00000000ed580000, 0x0000000100000000)
  eden space 33280K, 69% used [0x00000000eab00000,0x00000000ec1bcdc8,0x00000000ecb80000)
  from space 5120K, 99% used [0x00000000ecb80000,0x00000000ed07aab0,0x00000000ed080000)
  to   space 5120K, 0% used [0x00000000ed080000,0x00000000ed080000,0x00000000ed580000)
 ParOldGen       total 87552K, used 3342K [0x00000000c0000000, 0x00000000c5580000, 0x00000000eab00000)
  object space 87552K, 3% used [0x00000000c0000000,0x00000000c0343ac0,0x00000000c5580000)
 Metaspace       used 7185K, capacity 7618K, committed 7680K, reserved 1056768K
  class space    used 745K, capacity 754K, committed 768K, reserved 1048576K

Card table byte_map: [0x00000000116a0000,0x00000000118b0000] byte_map_base: 0x00000000110a0000

Marking Bits: (ParMarkBitMap*) 0x0000000058c74040
 Begin Bits: [0x0000000012210000, 0x0000000013210000)
 End Bits:   [0x0000000013210000, 0x0000000014210000)

Polling page: 0x0000000000850000

CodeCache: size=245760Kb used=5455Kb max_used=5455Kb free=240304Kb
 bounds [0x00000000022e0000, 0x0000000002840000, 0x00000000112e0000]
 total_blobs=2001 nmethods=1712 adapters=202
 compilation: enabled

Compilation events (10 events):
Event: 1.235 Thread 0x0000000016e25800 nmethod 1716 0x000000000282e390 code [0x000000000282e500, 0x000000000282e728]
Event: 1.236 Thread 0x0000000016e25800 1717       3       java.util.zip.Adler32::update (51 bytes)
Event: 1.236 Thread 0x0000000016e25800 nmethod 1717 0x000000000282e810 code [0x000000000282e9a0, 0x000000000282ed88]
Event: 1.238 Thread 0x0000000016e25800 1719       3       java.nio.CharBuffer::arrayOffset (35 bytes)
Event: 1.239 Thread 0x0000000016e25800 nmethod 1719 0x000000000282f310 code [0x000000000282f4a0, 0x000000000282f7b8]
Event: 1.239 Thread 0x0000000016e25800 1720       3       java.util.Formatter$Flags::contains (22 bytes)
Event: 1.239 Thread 0x0000000016e25800 nmethod 1720 0x000000000282f910 code [0x000000000282fa80, 0x000000000282fc90]
Event: 1.239 Thread 0x0000000016e25800 1721       3       com.android.dex.TableOfContents$Section::<init> (26 bytes)
Event: 1.239 Thread 0x0000000016e25800 nmethod 1721 0x000000000282fd50 code [0x000000000282fea0, 0x0000000002830070]
Event: 1.249 Thread 0x0000000016e25800 1722 %     3       com.android.dx.merge.DexMerger$IdMerger::mergeSorted @ 125 (381 bytes)

GC Heap History (2 events):
Event: 1.162 GC heap before
{Heap before GC invocations=1 (full 0):
 PSYoungGen      total 38400K, used 32564K [0x00000000eab00000, 0x00000000ed580000, 0x0000000100000000)
  eden space 33280K, 97% used [0x00000000eab00000,0x00000000ecacd020,0x00000000ecb80000)
  from space 5120K, 0% used [0x00000000ed080000,0x00000000ed080000,0x00000000ed580000)
  to   space 5120K, 0% used [0x00000000ecb80000,0x00000000ecb80000,0x00000000ed080000)
 ParOldGen       total 87552K, used 0K [0x00000000c0000000, 0x00000000c5580000, 0x00000000eab00000)
  object space 87552K, 0% used [0x00000000c0000000,0x00000000c0000000,0x00000000c5580000)
 Metaspace       used 7139K, capacity 7618K, committed 7680K, reserved 1056768K
  class space    used 745K, capacity 754K, committed 768K, reserved 1048576K
Event: 1.167 GC heap after
Heap after GC invocations=1 (full 0):
 PSYoungGen      total 38400K, used 5098K [0x00000000eab00000, 0x00000000ed580000, 0x0000000100000000)
  eden space 33280K, 0% used [0x00000000eab00000,0x00000000eab00000,0x00000000ecb80000)
  from space 5120K, 99% used [0x00000000ecb80000,0x00000000ed07aab0,0x00000000ed080000)
  to   space 5120K, 0% used [0x00000000ed080000,0x00000000ed080000,0x00000000ed580000)
 ParOldGen       total 87552K, used 3342K [0x00000000c0000000, 0x00000000c5580000, 0x00000000eab00000)
  object space 87552K, 3% used [0x00000000c0000000,0x00000000c0343ac0,0x00000000c5580000)
 Metaspace       used 7139K, capacity 7618K, committed 7680K, reserved 1056768K
  class space    used 745K, capacity 754K, committed 768K, reserved 1048576K
}

Deoptimization events (10 events):
Event: 1.022 Thread 0x0000000002140800 Uncommon trap: reason=unstable_if action=reinterpret pc=0x00000000026bec74 method=java.util.HashMap.putVal(ILjava/lang/Object;Ljava/lang/Object;ZZ)Ljava/lang/Object; @ 162
Event: 1.022 Thread 0x0000000002140800 Uncommon trap: reason=unstable_if action=reinterpret pc=0x00000000026b99dc method=java.util.HashMap.putVal(ILjava/lang/Object;Ljava/lang/Object;ZZ)Ljava/lang/Object; @ 162
Event: 1.027 Thread 0x0000000002140800 Uncommon trap: reason=predicate action=maybe_recompile pc=0x00000000026eb9c8 method=com.android.dex.Leb128.writeUnsignedLeb128(Lcom/android/dex/util/ByteOutput;I)V @ 9
Event: 1.074 Thread 0x0000000002140800 Uncommon trap: reason=unstable_if action=reinterpret pc=0x00000000026de9f4 method=sun.misc.URLClassPath.getLoader(I)Lsun/misc/URLClassPath$Loader; @ 36
Event: 1.074 Thread 0x0000000002140800 Uncommon trap: reason=unstable_if action=reinterpret pc=0x00000000026d9e98 method=sun.misc.URLClassPath.getLoader(I)Lsun/misc/URLClassPath$Loader; @ 36
Event: 1.074 Thread 0x0000000002140800 Uncommon trap: reason=unstable_if action=reinterpret pc=0x000000000271a0c8 method=sun.misc.MetaIndex.mayContain(Ljava/lang/String;)Z @ 13
Event: 1.075 Thread 0x0000000002140800 Uncommon trap: reason=unstable_if action=reinterpret pc=0x000000000246a304 method=sun.misc.MetaIndex.mayContain(Ljava/lang/String;)Z @ 13
Event: 1.092 Thread 0x0000000002140800 Uncommon trap: reason=predicate action=maybe_recompile pc=0x000000000272cae4 method=com.android.dex.Leb128.readUnsignedLeb128(Lcom/android/dex/util/ByteInput;)I @ 41
Event: 1.190 Thread 0x0000000002140800 Uncommon trap: reason=unstable_if action=reinterpret pc=0x00000000026b4c50 method=java.util.HashMap.getNode(ILjava/lang/Object;)Ljava/util/HashMap$Node; @ 84
Event: 1.193 Thread 0x0000000002140800 Uncommon trap: reason=unstable_if action=reinterpret pc=0x000000000265d224 method=java.util.HashMap.getNode(ILjava/lang/Object;)Ljava/util/HashMap$Node; @ 84

Internal exceptions (6 events):
Event: 0.029 Thread 0x0000000002140800 Exception <a 'java/lang/NoSuchMethodError': Method sun.misc.Unsafe.defineClass(Ljava/lang/String;[BII)Ljava/lang/Class; name or signature does not match> (0x00000000eab12ee0) thrown at [C:\re\workspace\8-2-build-windows-amd64-cygwin\jdk8u45\3627\hotspot\sr_2y‚œ7û?
Event: 0.030 Thread 0x0000000002140800 Exception <a 'java/lang/NoSuchMethodError': Method sun.misc.Unsafe.prefetchRead(Ljava/lang/Object;J)V name or signature does not match> (0x00000000eab13170) thrown at [C:\re\workspace\8-2-build-windows-amd64-cygwin\jdk8u45\3627\hotspot\src\share\vm\prims\j#>ëù…1Ò?
Event: 1.075 Thread 0x0000000002140800 Exception <a 'java/security/PrivilegedActionException'> (0x00000000ec298e68) thrown at [C:\re\workspace\8-2-build-windows-amd64-cygwin\jdk8u45\3627\hotspot\src\share\vm\prims\jvm.cpp, line 1382]
Event: 1.075 Thread 0x0000000002140800 Exception <a 'java/security/PrivilegedActionException'> (0x00000000ec2991b0) thrown at [C:\re\workspace\8-2-build-windows-amd64-cygwin\jdk8u45\3627\hotspot\src\share\vm\prims\jvm.cpp, line 1382]
Event: 1.076 Thread 0x0000000002140800 Exception <a 'java/security/PrivilegedActionException'> (0x00000000ec29d288) thrown at [C:\re\workspace\8-2-build-windows-amd64-cygwin\jdk8u45\3627\hotspot\src\share\vm\prims\jvm.cpp, line 1382]
Event: 1.076 Thread 0x0000000002140800 Exception <a 'java/security/PrivilegedActionException'> (0x00000000ec29d5d0) thrown at [C:\re\workspace\8-2-build-windows-amd64-cygwin\jdk8u45\3627\hotspot\src\share\vm\prims\jvm.cpp, line 1382]

Events (10 events):
Event: 1.216 Thread 0x0000000002140800 DEOPT PACKING pc=0x0000000002774086 sp=0x00000000020cee50
Event: 1.216 Thread 0x0000000002140800 DEOPT UNPACKING pc=0x000000000232787f sp=0x00000000020ceb70 mode 0
Event: 1.220 Thread 0x0000000002140800 DEOPT PACKING pc=0x0000000002774086 sp=0x00000000020cee50
Event: 1.220 Thread 0x0000000002140800 DEOPT UNPACKING pc=0x000000000232787f sp=0x00000000020ceb70 mode 0
Event: 1.223 Thread 0x0000000002140800 DEOPT PACKING pc=0x0000000002774086 sp=0x00000000020cee50
Event: 1.223 Thread 0x0000000002140800 DEOPT UNPACKING pc=0x000000000232787f sp=0x00000000020ceb70 mode 0
Event: 1.225 Thread 0x0000000002140800 DEOPT PACKING pc=0x0000000002774086 sp=0x00000000020cee50
Event: 1.225 Thread 0x0000000002140800 DEOPT UNPACKING pc=0x000000000232787f sp=0x00000000020ceb70 mode 0
Event: 1.226 Thread 0x0000000002140800 DEOPT PACKING pc=0x0000000002774086 sp=0x00000000020cee50
Event: 1.226 Thread 0x0000000002140800 DEOPT UNPACKING pc=0x000000000232787f sp=0x00000000020ceb70 mode 0


Dynamic libraries:
0x00007ff72f4d0000 - 0x00007ff72f507000 	C:\Program Files\Java\jdk1.8.0_45\bin\java.exe
0x00007ffe2efb0000 - 0x00007ffe2f15c000 	C:\WINDOWS\SYSTEM32\ntdll.dll
0x00007ffe2ebc0000 - 0x00007ffe2ecfe000 	C:\WINDOWS\system32\KERNEL32.DLL
0x00007ffe2c1d0000 - 0x00007ffe2c2e5000 	C:\WINDOWS\system32\KERNELBASE.dll
0x00007ffe2abc0000 - 0x00007ffe2ac4e000 	C:\WINDOWS\system32\apphelp.dll
0x00007ffe281d0000 - 0x00007ffe28223000 	C:\WINDOWS\AppPatch\AppPatch64\AcGenral.DLL
0x00007ffe2c840000 - 0x00007ffe2c8ea000 	C:\WINDOWS\system32\msvcrt.dll
0x00007ffe2bfa0000 - 0x00007ffe2bfce000 	C:\WINDOWS\SYSTEM32\SspiCli.dll
0x00007ffe2e750000 - 0x00007ffe2e7a4000 	C:\WINDOWS\system32\SHLWAPI.dll
0x00007ffe2ca40000 - 0x00007ffe2cbb7000 	C:\WINDOWS\system32\USER32.dll
0x00007ffe2c640000 - 0x00007ffe2c7d4000 	C:\WINDOWS\system32\ole32.dll
0x00007ffe2cbc0000 - 0x00007ffe2e0d8000 	C:\WINDOWS\system32\SHELL32.dll
0x00007ffe2b720000 - 0x00007ffe2b741000 	C:\WINDOWS\SYSTEM32\USERENV.dll
0x00007ffe2eb10000 - 0x00007ffe2ebba000 	C:\WINDOWS\system32\ADVAPI32.dll
0x00007ffe1ec80000 - 0x00007ffe1ec9e000 	C:\WINDOWS\SYSTEM32\MPR.dll
0x00007ffe2c8f0000 - 0x00007ffe2ca31000 	C:\WINDOWS\system32\RPCRT4.dll
0x00007ffe2e810000 - 0x00007ffe2e869000 	C:\WINDOWS\SYSTEM32\sechost.dll
0x00007ffe2e3d0000 - 0x00007ffe2e5e1000 	C:\WINDOWS\SYSTEM32\combase.dll
0x00007ffe2e210000 - 0x00007ffe2e361000 	C:\WINDOWS\system32\GDI32.dll
0x00007ffe2c100000 - 0x00007ffe2c115000 	C:\WINDOWS\SYSTEM32\profapi.dll
0x00007ffe2ac50000 - 0x00007ffe2ad02000 	C:\WINDOWS\SYSTEM32\SHCORE.dll
0x00007ffe2e370000 - 0x00007ffe2e3a6000 	C:\WINDOWS\system32\IMM32.DLL
0x00007ffe2e5f0000 - 0x00007ffe2e742000 	C:\WINDOWS\system32\MSCTF.dll
0x00007ffe29de0000 - 0x00007ffe2a05b000 	C:\WINDOWS\WinSxS\amd64_microsoft.windows.common-controls_6595b64144ccf1df_6.0.9600.17784_none_624760d1ecb7236e\COMCTL32.dll
0x0000000058ec0000 - 0x0000000058f92000 	C:\Program Files\Java\jdk1.8.0_45\jre\bin\msvcr100.dll
0x0000000058470000 - 0x0000000058cf3000 	C:\Program Files\Java\jdk1.8.0_45\jre\bin\server\jvm.dll
0x00007ffe1ec70000 - 0x00007ffe1ec79000 	C:\WINDOWS\SYSTEM32\WSOCK32.dll
0x00007ffe2a210000 - 0x00007ffe2a232000 	C:\WINDOWS\SYSTEM32\WINMM.dll
0x00007ffe2a240000 - 0x00007ffe2a24a000 	C:\WINDOWS\SYSTEM32\VERSION.dll
0x00007ffe2e870000 - 0x00007ffe2e877000 	C:\WINDOWS\system32\PSAPI.DLL
0x00007ffe2e7b0000 - 0x00007ffe2e80a000 	C:\WINDOWS\system32\WS2_32.dll
0x00007ffe29b80000 - 0x00007ffe29baa000 	C:\WINDOWS\SYSTEM32\WINMMBASE.dll
0x00007ffe2c630000 - 0x00007ffe2c639000 	C:\WINDOWS\system32\NSI.dll
0x00007ffe2c3a0000 - 0x00007ffe2c3ef000 	C:\WINDOWS\SYSTEM32\cfgmgr32.dll
0x00007ffe2aef0000 - 0x00007ffe2af18000 	C:\WINDOWS\SYSTEM32\DEVOBJ.dll
0x0000000058460000 - 0x000000005846f000 	C:\Program Files\Java\jdk1.8.0_45\jre\bin\verify.dll
0x0000000058430000 - 0x0000000058459000 	C:\Program Files\Java\jdk1.8.0_45\jre\bin\java.dll
0x0000000058410000 - 0x0000000058426000 	C:\Program Files\Java\jdk1.8.0_45\jre\bin\zip.dll
0x00007ffe21280000 - 0x00007ffe21409000 	C:\WINDOWS\SYSTEM32\dbghelp.dll

VM Arguments:
jvm_args: -Xmx1024M -Dfile.encoding=windows-1251 -Duser.country=RU -Duser.language=ru -Duser.variant 
java_command: com.android.dx.command.Main --dex --output E:\Android\Projects\AudioProgect\app\build\intermediates\dex\debug E:\Android\Projects\AudioProgect\app\build\intermediates\classes\debug E:\Android\Projects\AudioProgect\app\build\intermediates\pre-dexed\debug\support-annotations-22.1.1-60b3b8aa0e383bc95571af36d1a0ce95e50f3775.jar E:\Android\Projects\AudioProgect\app\build\intermediates\pre-dexed\debug\classes-e36e4bf81c45a2d6946adb6f125522abff69ec34.jar E:\Android\Projects\AudioProgect\app\build\intermediates\pre-dexed\debug\internal_impl-22.1.1-52b7fd1713d041ea215785c4da81dff070377e63.jar E:\Android\Projects\AudioProgect\app\build\intermediates\pre-dexed\debug\classes-acca884c575c83c3d905877fba2b9462edbea57b.jar E:\Android\Projects\AudioProgect\app\build\intermediates\pre-dexed\debug\classes-d3493700d8ab742f0baf5fe88eb4f6c3ce74344e.jar
java_class_path (initial): E:\Android\sdk\build-tools\22.0.1\lib\dx.jar
Launcher Type: SUN_STANDARD

Environment Variables:
PATH=C:\ProgramData\Oracle\Java\javapath;C:\Windows\system32;C:\Windows;C:\Windows\System32\Wbem;C:\Windows\System32\WindowsPowerShell\v1.0\;C:\WINDOWS\system32;C:\WINDOWS;C:\WINDOWS\System32\Wbem;C:\WINDOWS\System32\WindowsPowerShell\v1.0\;C:\Program Files (x86)\Skype\Phone\;C:\Program Files (x86)\Windows Kits\8.1\Windows Performance Toolkit\;C:\Program Files\Microsoft SQL Server\110\Tools\Binn\;C:\Program Files (x86)\NVIDIA Corporation\PhysX\Common
USERNAME=œÓÚ∏ÏÍËÌ
OS=Windows_NT
PROCESSOR_IDENTIFIER=Intel64 Family 6 Model 58 Stepping 9, GenuineIntel



---------------  S Y S T E M  ---------------

OS: Windows 8.1 , 64 bit Build 9600 (6.3.9600.17415)

CPU:total 8 (4 cores per cpu, 2 threads per core) family 6 model 58 stepping 9, cmov, cx8, fxsr, mmx, sse, sse2, sse3, ssse3, sse4.1, sse4.2, popcnt, avx, aes, clmul, erms, ht, tsc, tscinvbit, tscinv

Memory: 4k page, physical 8337772k(2094124k free), swap 8337772k(5108k free)

vm_info: Java HotSpot(TM) 64-Bit Server VM (25.45-b02) for windows-amd64 JRE (1.8.0_45-b15), built on Apr 30 2015 12:40:44 by "java_re" with MS VC++ 10.0 (VS2010)

time: Thu Jun 04 22:09:34 2015
elapsed time: 1 seconds (0d 0h 0m 1s)

